<?xml version="1.0" encoding="UTF-8"?>
<!-- Generated by org.testng.reporters.JUnitReportReporter -->
<testsuite hostname="NO-029" failures="0" tests="1" name="runner.TestRunner" time="3.988" errors="0" timestamp="2025-03-21T11:46:31 IST" skipped="0">
  <testcase classname="runner.TestRunner" name="runScenario" time="3.988"/>
  <system-out/>
</testsuite> <!-- runner.TestRunner -->
